epoch,acc,loss,val_acc,val_loss
0,0.2252,2.0907227613449098,0.36289999990463256,1.8189031379699707
1,0.3721,1.728325013923645,0.441500000333786,1.5871311513900757
2,0.4339,1.5572505815505981,0.4826000000953674,1.4593269033432006
3,0.4721,1.4538504173278808,0.5277999997138977,1.3221254568099976
4,0.505525,1.3716481590270997,0.5692999997138977,1.225971405029297
5,0.528425,1.3162025260925292,0.5621000004768372,1.221388314628601
6,0.551525,1.2548130096435546,0.6138000005722046,1.1081235816955566
7,0.56605,1.2120064361572265,0.6189000005722046,1.0806465948104857
8,0.582525,1.1648751235961914,0.6331000004768371,1.0437371067047119
9,0.596775,1.1373653148651124,0.6280000007629395,1.0672532915115356
10,0.60925,1.1068028532028198,0.6528999996185303,0.9822026761054993
11,0.61755,1.0795474180221558,0.6556999998092652,0.9930595395088195
12,0.627775,1.0497551893234254,0.6251999992370606,1.0709298221588135
13,0.63175,1.0313989295959474,0.6695999997138977,0.9267853761672974
14,0.635975,1.0289710083007813,0.6553999998092651,0.9829376530647278
15,0.644375,0.9990240829467774,0.6829000001907348,0.8988064929962158
16,0.651825,0.9806006650924682,0.6866999998092651,0.8862933618545532
17,0.658925,0.9647036038398743,0.7144,0.8280339265823364
18,0.666025,0.9485005603790283,0.7107999992370605,0.8372333772659302
19,0.666475,0.9380526542663574,0.7110999996185303,0.8260173272132874
20,0.679525,0.9167720626831055,0.6973000000953674,0.8708500884056092
21,0.68245,0.9004217566490174,0.6942000007629394,0.8691043905258179
22,0.6848,0.8862456005096435,0.7166999995231629,0.8076780830383301
23,0.68325,0.8936171363830566,0.7083999998092652,0.8373362800598144
24,0.69275,0.8753939060211182,0.7106999995231629,0.8329920837402344
25,0.69575,0.8555091197967529,0.7256999999046325,0.7798595769882202
26,0.6988,0.8508958971977234,0.7258000001907349,0.7854513157844544
27,0.7021,0.8416615621566772,0.7377999992370605,0.7486688743591309
28,0.702,0.8394819826126099,0.7080000000953675,0.8371671853065491
29,0.704175,0.8311684517860413,0.7227999998092651,0.7879870266914367
30,0.707975,0.8185807836532593,0.7387000007629394,0.7454046321868897
31,0.713475,0.8132218868255615,0.7351999994277955,0.7514934317588806
32,0.718325,0.7981761940956116,0.7447999994277954,0.7273807410240173
33,0.716625,0.8054499311447143,0.7440999992370605,0.7341655695915222
34,0.7206,0.796916218471527,0.7516999992370605,0.7107182002067566
35,0.72115,0.788681960105896,0.7386000007629394,0.7532633065223694
36,0.723875,0.7807552852630615,0.7461000001907349,0.72904654712677
37,0.7258,0.7735280323028565,0.7267000004768371,0.7872245446205139
38,0.72775,0.7686912605285644,0.7522999992370606,0.7173682548522949
39,0.728925,0.7653840017318726,0.7411999994277955,0.7508987581253052
40,0.729575,0.7637635776519776,0.7489999992370605,0.718791206741333
41,0.733975,0.7529946054458618,0.7270000000953675,0.8035201541900635
42,0.7337,0.7462265045166016,0.760399999332428,0.6838810312271119
43,0.7335,0.7498724699020386,0.7497999994277954,0.7154552424430847
44,0.73355,0.7490439445495606,0.7623999994277955,0.6880883263587951
45,0.740975,0.7298699947357178,0.7562999994277954,0.7116396858215333
46,0.740575,0.7299303908348084,0.7608999994277954,0.6742783647537232
47,0.742725,0.7302855362892151,0.7629999994277954,0.6839447934150695
48,0.742275,0.7252216070175171,0.7463999998092652,0.739969364452362
49,0.7417,0.7254537509918213,0.7597999995231628,0.6876353417396546
50,0.74515,0.7217520820617676,0.7665999995231628,0.6680379853248596
51,0.74895,0.7110547063827515,0.7618999997138977,0.6919477277755738
52,0.748575,0.7111771187782288,0.7573999997138977,0.6971309874534607
53,0.749575,0.7065032670021058,0.746899999332428,0.7403017709732056
54,0.749025,0.7071247548103332,0.752899999332428,0.7390512682914734
55,0.753925,0.6950796072006226,0.7677999999046325,0.6721907384872436
56,0.75415,0.6933062870025635,0.7552999992370606,0.7222746223449708
57,0.75455,0.6945933416366578,0.7698999998092652,0.6719007229804993
58,0.7554,0.6948275127410889,0.747799999332428,0.7354661275863648
59,0.756525,0.6930659507751464,0.7618999995231629,0.6874927037239075
60,0.756375,0.6891194839477539,0.7625999997138977,0.6864664580345153
61,0.75855,0.6833110718250275,0.7669999996185303,0.6716326291084289
62,0.757025,0.6796137345314026,0.7777,0.6447947074890137
63,0.75705,0.6851478715896606,0.7725999996185303,0.6579940514564514
64,0.760375,0.6818115257263183,0.7598999998092651,0.6962514848709106
65,0.758075,0.6795858326911927,0.7522999992370606,0.7305021862030029
66,0.762675,0.6710989530563355,0.7633999997138977,0.6857689876556397
67,0.76085,0.6683504435539246,0.776199999332428,0.665015420627594
68,0.7638,0.6654036570549011,0.7752999994277954,0.6541824495315551
69,0.762125,0.6659401718139648,0.7829000001907349,0.6238493117332459
70,0.76175,0.6657732872009278,0.7654999994277955,0.6879210327148437
71,0.76275,0.6681796237945556,0.7716,0.6634404752731323
72,0.768225,0.6539076469421387,0.7802999998092651,0.6413027009010315
73,0.765,0.6553292306900025,0.7809999996185303,0.6474316331863403
74,0.7654,0.6582585922241211,0.7562000005722046,0.7354735419273376
75,0.7668,0.6505458301544189,0.7788999998092652,0.634886983013153
76,0.768775,0.6514034281730652,0.7812999999046326,0.6415600080490113
77,0.769625,0.651093521976471,0.7804999999046326,0.6448809541702271
78,0.769425,0.645926409816742,0.7747999997138977,0.6648467765808106
79,0.770525,0.6458509664535522,0.7730999996185303,0.667749773311615
80,0.768225,0.647453493309021,0.7812999996185302,0.6366906579017639
81,0.77055,0.6449921179771423,0.7824000001907349,0.6370339511871338
82,0.771725,0.635665358543396,0.7876000000953675,0.6139546118736267
83,0.7715,0.6411442872524261,0.7901,0.6112598321914673
84,0.773975,0.6341679272651672,0.7763999994277954,0.6547022228240966
85,0.775275,0.6382921812057495,0.7757999996185303,0.6623166357040405
86,0.773525,0.6409677383422852,0.7445000000953674,0.7888283841133118
87,0.774575,0.632007886505127,0.7626999998092652,0.705669515991211
88,0.7775,0.6245096672058106,0.7738999993324279,0.6573106633186341
89,0.776075,0.6329930658340455,0.785,0.6264119696617126
90,0.777275,0.6278998743057251,0.7857,0.6255146080970764
91,0.772775,0.6354103436470032,0.7740999996185303,0.6702529295921326
92,0.776625,0.6281122568130493,0.7831000002861023,0.6348234887123108
93,0.770975,0.6377741319656373,0.7603000007629395,0.7204881226539612
94,0.775875,0.6291171956062317,0.7797,0.6411684741973877
95,0.77915,0.6204460594177246,0.7806999999046326,0.6482310368537902
96,0.7765,0.628247353887558,0.7833,0.6373037718772888
97,0.778275,0.6221431274414062,0.7914000000953675,0.6234589228630066
98,0.779575,0.617474606513977,0.7858999996185303,0.6469547249794007
99,0.779025,0.6171574650764465,0.775999999332428,0.6667840688705444
100,0.78005,0.6225463516235351,0.7715999995231628,0.6815716789245605
101,0.780925,0.6136116579055786,0.7798999999046325,0.6564272458076477
102,0.78405,0.6087883867263794,0.7700999997138978,0.6766223870277405
103,0.7821,0.608725252532959,0.7621999995231629,0.7109882026672363
104,0.7841,0.6105390188217164,0.7695999995231628,0.692435916519165
105,0.783925,0.6052954221725464,0.7900000003814698,0.6142300688743592
106,0.78485,0.6071370969772338,0.7707999995231628,0.6844497025489807
107,0.7836,0.6047981051445007,0.7751999996185303,0.6629858362197876
108,0.783875,0.6084833076477051,0.7588000003814698,0.7283489751815796
109,0.7825,0.6129882153511047,0.7755999995231628,0.6659772816658021
110,0.7858,0.6016857365608216,0.7713000003814697,0.6840865394592285
111,0.786525,0.6000318921089173,0.7886,0.6180287132263184
112,0.78935,0.5957165303707123,0.7682000005722046,0.6875981263160705
113,0.785775,0.605023969078064,0.768800000667572,0.6896350754737854
114,0.787525,0.5978062636375427,0.7854999999046326,0.6208626336097717
115,0.784475,0.6056771245002747,0.7746999996185303,0.6753789701461792
116,0.7867,0.5985954889297486,0.7904000003814697,0.6175447452545166
117,0.786475,0.6003344430923462,0.7962000007629395,0.5898473123550415
118,0.783575,0.5993998745918274,0.7879000001907349,0.6201112731933593
119,0.789475,0.5944457840919495,0.7805999999046326,0.6557194716453553
120,0.78775,0.5955083707809449,0.7951000000953674,0.6084624858856201
121,0.78915,0.592388178730011,0.7742999998092651,0.6770377281188965
122,0.784925,0.5996463028907776,0.7889,0.6346979730606079
123,0.79195,0.5922182178497315,0.7699999996185303,0.6905797477722168
124,0.7896,0.5929458608627319,0.7913000004768371,0.6128911405563354
125,0.78585,0.5977938827514648,0.7856999998092651,0.641571605682373
126,0.79235,0.5886740619659424,0.7866000000953675,0.6315799130439759
127,0.788225,0.5948932716369629,0.7957000004768372,0.6093872641563416
128,0.791125,0.5840885215759277,0.7873000001907349,0.6364286360740662
129,0.790975,0.5848782273292541,0.7919000000953674,0.6067899001121521
130,0.78745,0.5929272468566894,0.7920000002861023,0.6091369429588318
131,0.790975,0.5892129831790924,0.797200000667572,0.6062225378990174
132,0.79365,0.581197481918335,0.7987000003814697,0.5932721314430237
133,0.79365,0.5808187600135803,0.7850999998092651,0.6519833004951477
134,0.789975,0.5852607427597046,0.7857,0.6477631331443786
135,0.793025,0.5842585369110107,0.7854999998092651,0.6389588969230652
136,0.7919,0.5810088898658753,0.7934999999046326,0.6211197691917419
137,0.791975,0.5825196803092957,0.7951000005722045,0.6151019333839417
138,0.794,0.5790323267936707,0.7850999998092651,0.6490434476852417
139,0.794,0.5770400575637817,0.7936000000953675,0.6127292344093322
140,0.790875,0.5843093431472778,0.7952,0.6064588035583496
141,0.79115,0.5824985792636871,0.7767999998092652,0.667486748790741
142,0.79455,0.5762214314460754,0.7740999995231629,0.6825473457336426
143,0.794575,0.5745778275489807,0.7849999998092652,0.6484928802490234
144,0.79535,0.5761383311271667,0.797200000667572,0.5955856358528138
145,0.79385,0.5777599822044373,0.7833000002861022,0.6585327531814575
146,0.793,0.580303363609314,0.7982000003814698,0.5900207483291626
147,0.79485,0.5750708340644837,0.7942000002861023,0.6249378478050232
148,0.792575,0.5790130688667298,0.7883999999046326,0.6352324627876281
149,0.794425,0.5710030128479003,0.7868000002861023,0.632414764213562
150,0.7947,0.5741228275299072,0.7892999999046326,0.6296040015220642
151,0.798425,0.5666866930961609,0.7872000000953674,0.6370023101806641
152,0.79645,0.5759777107238769,0.8002000003814698,0.601035929775238
153,0.79565,0.5765424983978271,0.7998000007629394,0.5918836549758911
154,0.796875,0.571336310005188,0.7908,0.6323125061035156
155,0.795125,0.5653955116271973,0.7898000000953674,0.6338690814971923
156,0.7973,0.5684698957443237,0.7793999998092651,0.6659537754058837
157,0.797225,0.5702376657485962,0.7891999998092651,0.6328577054023743
158,0.7959,0.5702687613487244,0.7951999999046325,0.6109243001937866
159,0.79555,0.5753629442214966,0.8020000005722046,0.5911040872573853
160,0.7969,0.5716209738731385,0.7930999999046325,0.6185283890724182
161,0.801225,0.5596990097999572,0.7921000001907349,0.6403875316619873
162,0.798025,0.5623877291679382,0.7748000001907349,0.690372503566742
163,0.799775,0.564805814743042,0.7983999992370605,0.6007249250411987
164,0.79795,0.5656188447952271,0.8001000005722045,0.5946748704910279
165,0.796425,0.5712655450820923,0.7802999998092651,0.6794515693664551
166,0.799575,0.560025450849533,0.7816999999046326,0.6684940353393555
167,0.80095,0.5576710914611817,0.8037000002861023,0.5804206321716309
168,0.7983,0.5670136594772339,0.7933,0.6239825616836547
169,0.797975,0.5690392095088959,0.8017000002861023,0.5911737038612366
170,0.7992,0.5626672094345093,0.7919000001907348,0.6204673685073853
171,0.798725,0.5692915943145752,0.797500000667572,0.6005869341850281
172,0.800875,0.5575233714103699,0.7889,0.6410453625679016
173,0.7985,0.5666134392738342,0.7711999994277954,0.6856157744407654
174,0.7975,0.5582688613891602,0.7992000001907349,0.6043805770874023
175,0.801425,0.5589525317192078,0.7996000002861023,0.6023187531471252
176,0.799025,0.5641090478897095,0.7992000002861023,0.6092008240699768
177,0.8027,0.5572578866958618,0.8016000000953675,0.6027951226234436
178,0.8009,0.5600295926094055,0.7928000006675721,0.615157370853424
179,0.8028,0.5501239154815674,0.7970000001907349,0.6134078963279724
180,0.801125,0.5525075528621674,0.7990000004768372,0.6003225380897522
181,0.800625,0.558183379983902,0.8003000007629395,0.5996195071220398
182,0.801725,0.5524454206466675,0.7938000006675721,0.6252558860778809
183,0.80035,0.5548894703865052,0.8023000004768371,0.600623157119751
184,0.803825,0.5526901238441467,0.7861999999046325,0.6378954875946045
185,0.79985,0.5667159383296967,0.7878000001907348,0.6380154443740844
186,0.8037,0.5566669140815735,0.7989000002861023,0.6100276222229004
187,0.798575,0.5624564563751221,0.7969000004768372,0.6059403894424439
188,0.802425,0.5539616176605224,0.8025000007629395,0.5743440151214599
189,0.803025,0.5530639681816101,0.7868999995231628,0.6400152067184448
190,0.80295,0.5543893644332886,0.8020000005722046,0.5920948019981385
191,0.800375,0.5550069243431092,0.7965999998092651,0.6084031353950501
192,0.80255,0.5557356679916382,0.8057000004768372,0.5701670566558837
193,0.800125,0.5540133005619049,0.7910999999046325,0.6250656688690186
194,0.803625,0.5479646636486053,0.7998,0.5918063694000244
195,0.80205,0.555784966468811,0.8069000004768372,0.5717090667724609
196,0.80465,0.546942304468155,0.7808999998092652,0.6652822136878968
197,0.802825,0.5540196524620056,0.8044000007629395,0.575370405960083
198,0.806325,0.5445726536750793,0.7943000003814698,0.6108526128768921
199,0.8036,0.5513021902084351,0.7891999995231629,0.6301143678665161
